This is pdfTeX, Version 3.14159265-2.6-1.40.19 (MiKTeX 2.9.6930 64-bit) (preloaded format=pdflatex 2019.1.26)  27 JAN 2019 14:07
entering extended mode
**./darft_01072019.tex
(darft_01072019.tex
LaTeX2e <2018-12-01>
("C:\Program Files\MiKTeX 2.9\tex/latex/base\article.cls"
Document Class: article 2018/09/03 v1.4i Standard LaTeX document class
("C:\Program Files\MiKTeX 2.9\tex/latex/base\size10.clo"
File: size10.clo 2018/09/03 v1.4i Standard LaTeX file (size option)
)
\c@part=\count80
\c@section=\count81
\c@subsection=\count82
\c@subsubsection=\count83
\c@paragraph=\count84
\c@subparagraph=\count85
\c@figure=\count86
\c@table=\count87
\abovecaptionskip=\skip41
\belowcaptionskip=\skip42
\bibindent=\dimen102
)
(C:\Users\Administrator\AppData\Roaming\MiKTeX\2.9\tex/latex/mathtools\mathtool
s.sty
Package: mathtools 2018/01/08 v1.21 mathematical typesetting tools
 ("C:\Program Files\MiKTeX 2.9\tex/latex/graphics\keyval.sty"
Package: keyval 2014/10/28 v1.15 key=value parser (DPC)
\KV@toks@=\toks14
)
("C:\Program Files\MiKTeX 2.9\tex/latex/tools\calc.sty"
Package: calc 2017/05/25 v4.3 Infix arithmetic (KKT,FJ)
\calc@Acount=\count88
\calc@Bcount=\count89
\calc@Adimen=\dimen103
\calc@Bdimen=\dimen104
\calc@Askip=\skip43
\calc@Bskip=\skip44
LaTeX Info: Redefining \setlength on input line 80.
LaTeX Info: Redefining \addtolength on input line 81.
\calc@Ccount=\count90
\calc@Cskip=\skip45
)
(C:\Users\Administrator\AppData\Roaming\MiKTeX\2.9\tex/latex/mathtools\mhsetup.
sty
Package: mhsetup 2017/03/31 v1.3 programming setup (MH)
) ("C:\Program Files\MiKTeX 2.9\tex/latex/amsmath\amsmath.sty"
Package: amsmath 2018/12/01 v2.17b AMS math features
\@mathmargin=\skip46

For additional information on amsmath, use the `?' option.
("C:\Program Files\MiKTeX 2.9\tex/latex/amsmath\amstext.sty"
Package: amstext 2000/06/29 v2.01 AMS text

("C:\Program Files\MiKTeX 2.9\tex/latex/amsmath\amsgen.sty"
File: amsgen.sty 1999/11/30 v2.0 generic functions
\@emptytoks=\toks15
\ex@=\dimen105
))
("C:\Program Files\MiKTeX 2.9\tex/latex/amsmath\amsbsy.sty"
Package: amsbsy 1999/11/29 v1.2d Bold Symbols
\pmbraise@=\dimen106
)
("C:\Program Files\MiKTeX 2.9\tex/latex/amsmath\amsopn.sty"
Package: amsopn 2016/03/08 v2.02 operator names
)
\inf@bad=\count91
LaTeX Info: Redefining \frac on input line 223.
\uproot@=\count92
\leftroot@=\count93
LaTeX Info: Redefining \overline on input line 385.
\classnum@=\count94
\DOTSCASE@=\count95
LaTeX Info: Redefining \ldots on input line 482.
LaTeX Info: Redefining \dots on input line 485.
LaTeX Info: Redefining \cdots on input line 606.
\Mathstrutbox@=\box27
\strutbox@=\box28
\big@size=\dimen107
LaTeX Font Info:    Redeclaring font encoding OML on input line 729.
LaTeX Font Info:    Redeclaring font encoding OMS on input line 730.
\macc@depth=\count96
\c@MaxMatrixCols=\count97
\dotsspace@=\muskip10
\c@parentequation=\count98
\dspbrk@lvl=\count99
\tag@help=\toks16
\row@=\count100
\column@=\count101
\maxfields@=\count102
\andhelp@=\toks17
\eqnshift@=\dimen108
\alignsep@=\dimen109
\tagshift@=\dimen110
\tagwidth@=\dimen111
\totwidth@=\dimen112
\lineht@=\dimen113
\@envbody=\toks18
\multlinegap=\skip47
\multlinetaggap=\skip48
\mathdisplay@stack=\toks19
LaTeX Info: Redefining \[ on input line 2844.
LaTeX Info: Redefining \] on input line 2845.
)
LaTeX Info: Thecontrolsequence`\('isalreadyrobust on input line 129.
LaTeX Info: Thecontrolsequence`\)'isalreadyrobust on input line 129.
LaTeX Info: Thecontrolsequence`\['isalreadyrobust on input line 129.
LaTeX Info: Thecontrolsequence`\]'isalreadyrobust on input line 129.
\g_MT_multlinerow_int=\count103
\l_MT_multwidth_dim=\dimen114
\origjot=\skip49
\l_MT_shortvdotswithinadjustabove_dim=\dimen115
\l_MT_shortvdotswithinadjustbelow_dim=\dimen116
\l_MT_above_intertext_sep=\dimen117
\l_MT_below_intertext_sep=\dimen118
\l_MT_above_shortintertext_sep=\dimen119
\l_MT_below_shortintertext_sep=\dimen120
)
("C:\Program Files\MiKTeX 2.9\tex/latex/base\inputenc.sty"
Package: inputenc 2018/08/11 v1.3c Input encoding file
\inpenc@prehook=\toks20
\inpenc@posthook=\toks21
)
(C:\Users\Administrator\AppData\Roaming\MiKTeX\2.9\tex/latex/pgfplots\pgfplots.
sty
(C:\Users\Administrator\AppData\Roaming\MiKTeX\2.9\tex/generic/pgfplots\pgfplot
s.revision.tex)
Package: pgfplots 2018/03/28 v1.16 Data Visualization (1.16)
 ("C:\Program Files\MiKTeX 2.9\tex/latex/graphics\graphicx.sty"
Package: graphicx 2017/06/01 v1.1a Enhanced LaTeX Graphics (DPC,SPQR)

("C:\Program Files\MiKTeX 2.9\tex/latex/graphics\graphics.sty"
Package: graphics 2017/06/25 v1.2c Standard LaTeX Graphics (DPC,SPQR)

("C:\Program Files\MiKTeX 2.9\tex/latex/graphics\trig.sty"
Package: trig 2016/01/03 v1.10 sin cos tan (DPC)
)
("C:\Program Files\MiKTeX 2.9\tex/latex/graphics-cfg\graphics.cfg"
File: graphics.cfg 2016/06/04 v1.11 sample graphics configuration
)
Package graphics Info: Driver file: pdftex.def on input line 99.

("C:\Program Files\MiKTeX 2.9\tex/latex/graphics-def\pdftex.def"
File: pdftex.def 2018/01/08 v1.0l Graphics/color driver for pdftex
))
\Gin@req@height=\dimen121
\Gin@req@width=\dimen122
)
(C:\Users\Administrator\AppData\Roaming\MiKTeX\2.9\tex/latex/pgf/frontendlayer\
tikz.sty
(C:\Users\Administrator\AppData\Roaming\MiKTeX\2.9\tex/latex/pgf/basiclayer\pgf
.sty
(C:\Users\Administrator\AppData\Roaming\MiKTeX\2.9\tex/latex/pgf/utilities\pgfr
cs.sty
(C:\Users\Administrator\AppData\Roaming\MiKTeX\2.9\tex/generic/pgf/utilities\pg
futil-common.tex
\pgfutil@everybye=\toks22
\pgfutil@tempdima=\dimen123
\pgfutil@tempdimb=\dimen124

(C:\Users\Administrator\AppData\Roaming\MiKTeX\2.9\tex/generic/pgf/utilities\pg
futil-common-lists.tex))
(C:\Users\Administrator\AppData\Roaming\MiKTeX\2.9\tex/generic/pgf/utilities\pg
futil-latex.def
\pgfutil@abb=\box29

(C:\Users\Administrator\AppData\Roaming\MiKTeX\2.9\tex/latex/ms\everyshi.sty
Package: everyshi 2001/05/15 v3.00 EveryShipout Package (MS)
))
(C:\Users\Administrator\AppData\Roaming\MiKTeX\2.9\tex/generic/pgf/utilities\pg
frcs.code.tex
(C:\Users\Administrator\AppData\Roaming\MiKTeX\2.9\tex/generic/pgf\pgf.revision
.tex)
Package: pgfrcs 2019/01/05 v3.1 (3.1)
))
Package: pgf 2019/01/05 v3.1 (3.1)

(C:\Users\Administrator\AppData\Roaming\MiKTeX\2.9\tex/latex/pgf/basiclayer\pgf
core.sty
(C:\Users\Administrator\AppData\Roaming\MiKTeX\2.9\tex/latex/pgf/systemlayer\pg
fsys.sty
(C:\Users\Administrator\AppData\Roaming\MiKTeX\2.9\tex/generic/pgf/systemlayer\
pgfsys.code.tex
Package: pgfsys 2019/01/05 v3.1 (3.1)

(C:\Users\Administrator\AppData\Roaming\MiKTeX\2.9\tex/generic/pgf/utilities\pg
fkeys.code.tex
\pgfkeys@pathtoks=\toks23
\pgfkeys@temptoks=\toks24

(C:\Users\Administrator\AppData\Roaming\MiKTeX\2.9\tex/generic/pgf/utilities\pg
fkeysfiltered.code.tex
\pgfkeys@tmptoks=\toks25
))
\pgf@x=\dimen125
\pgf@y=\dimen126
\pgf@xa=\dimen127
\pgf@ya=\dimen128
\pgf@xb=\dimen129
\pgf@yb=\dimen130
\pgf@xc=\dimen131
\pgf@yc=\dimen132
\w@pgf@writea=\write3
\r@pgf@reada=\read1
\c@pgf@counta=\count104
\c@pgf@countb=\count105
\c@pgf@countc=\count106
\c@pgf@countd=\count107
\t@pgf@toka=\toks26
\t@pgf@tokb=\toks27
\t@pgf@tokc=\toks28
\pgf@sys@id@count=\count108

(C:\Users\Administrator\AppData\Roaming\MiKTeX\2.9\tex/generic/pgf/systemlayer\
pgf.cfg
File: pgf.cfg 2019/01/05 v3.1 (3.1)
)
Driver file for pgf: pgfsys-pdftex.def

(C:\Users\Administrator\AppData\Roaming\MiKTeX\2.9\tex/generic/pgf/systemlayer\
pgfsys-pdftex.def
File: pgfsys-pdftex.def 2019/01/05 v3.1 (3.1)

(C:\Users\Administrator\AppData\Roaming\MiKTeX\2.9\tex/generic/pgf/systemlayer\
pgfsys-common-pdf.def
File: pgfsys-common-pdf.def 2019/01/05 v3.1 (3.1)
)))
(C:\Users\Administrator\AppData\Roaming\MiKTeX\2.9\tex/generic/pgf/systemlayer\
pgfsyssoftpath.code.tex
File: pgfsyssoftpath.code.tex 2019/01/05 v3.1 (3.1)
\pgfsyssoftpath@smallbuffer@items=\count109
\pgfsyssoftpath@bigbuffer@items=\count110
)
(C:\Users\Administrator\AppData\Roaming\MiKTeX\2.9\tex/generic/pgf/systemlayer\
pgfsysprotocol.code.tex
File: pgfsysprotocol.code.tex 2019/01/05 v3.1 (3.1)
))
(C:\Users\Administrator\AppData\Roaming\MiKTeX\2.9\tex/latex/xcolor\xcolor.sty
Package: xcolor 2016/05/11 v2.12 LaTeX color extensions (UK)

("C:\Program Files\MiKTeX 2.9\tex/latex/graphics-cfg\color.cfg"
File: color.cfg 2016/01/02 v1.6 sample color configuration
)
Package xcolor Info: Driver file: pdftex.def on input line 225.
Package xcolor Info: Model `cmy' substituted by `cmy0' on input line 1348.
Package xcolor Info: Model `hsb' substituted by `rgb' on input line 1352.
Package xcolor Info: Model `RGB' extended on input line 1364.
Package xcolor Info: Model `HTML' substituted by `rgb' on input line 1366.
Package xcolor Info: Model `Hsb' substituted by `hsb' on input line 1367.
Package xcolor Info: Model `tHsb' substituted by `hsb' on input line 1368.
Package xcolor Info: Model `HSB' substituted by `hsb' on input line 1369.
Package xcolor Info: Model `Gray' substituted by `gray' on input line 1370.
Package xcolor Info: Model `wave' substituted by `hsb' on input line 1371.
)
(C:\Users\Administrator\AppData\Roaming\MiKTeX\2.9\tex/generic/pgf/basiclayer\p
gfcore.code.tex
Package: pgfcore 2019/01/05 v3.1 (3.1)

(C:\Users\Administrator\AppData\Roaming\MiKTeX\2.9\tex/generic/pgf/math\pgfmath
.code.tex
(C:\Users\Administrator\AppData\Roaming\MiKTeX\2.9\tex/generic/pgf/math\pgfmath
calc.code.tex
(C:\Users\Administrator\AppData\Roaming\MiKTeX\2.9\tex/generic/pgf/math\pgfmath
util.code.tex)
(C:\Users\Administrator\AppData\Roaming\MiKTeX\2.9\tex/generic/pgf/math\pgfmath
parser.code.tex
\pgfmath@dimen=\dimen133
\pgfmath@count=\count111
\pgfmath@box=\box30
\pgfmath@toks=\toks29
\pgfmath@stack@operand=\toks30
\pgfmath@stack@operation=\toks31
)
(C:\Users\Administrator\AppData\Roaming\MiKTeX\2.9\tex/generic/pgf/math\pgfmath
functions.code.tex
(C:\Users\Administrator\AppData\Roaming\MiKTeX\2.9\tex/generic/pgf/math\pgfmath
functions.basic.code.tex)
(C:\Users\Administrator\AppData\Roaming\MiKTeX\2.9\tex/generic/pgf/math\pgfmath
functions.trigonometric.code.tex)
(C:\Users\Administrator\AppData\Roaming\MiKTeX\2.9\tex/generic/pgf/math\pgfmath
functions.random.code.tex)
(C:\Users\Administrator\AppData\Roaming\MiKTeX\2.9\tex/generic/pgf/math\pgfmath
functions.comparison.code.tex)
(C:\Users\Administrator\AppData\Roaming\MiKTeX\2.9\tex/generic/pgf/math\pgfmath
functions.base.code.tex)
(C:\Users\Administrator\AppData\Roaming\MiKTeX\2.9\tex/generic/pgf/math\pgfmath
functions.round.code.tex)
(C:\Users\Administrator\AppData\Roaming\MiKTeX\2.9\tex/generic/pgf/math\pgfmath
functions.misc.code.tex)
(C:\Users\Administrator\AppData\Roaming\MiKTeX\2.9\tex/generic/pgf/math\pgfmath
functions.integerarithmetics.code.tex)))
(C:\Users\Administrator\AppData\Roaming\MiKTeX\2.9\tex/generic/pgf/math\pgfmath
float.code.tex
\c@pgfmathroundto@lastzeros=\count112
))
(C:\Users\Administrator\AppData\Roaming\MiKTeX\2.9\tex/generic/pgf/basiclayer\p
gfcorepoints.code.tex
File: pgfcorepoints.code.tex 2019/01/05 v3.1 (3.1)
\pgf@picminx=\dimen134
\pgf@picmaxx=\dimen135
\pgf@picminy=\dimen136
\pgf@picmaxy=\dimen137
\pgf@pathminx=\dimen138
\pgf@pathmaxx=\dimen139
\pgf@pathminy=\dimen140
\pgf@pathmaxy=\dimen141
\pgf@xx=\dimen142
\pgf@xy=\dimen143
\pgf@yx=\dimen144
\pgf@yy=\dimen145
\pgf@zx=\dimen146
\pgf@zy=\dimen147
)
(C:\Users\Administrator\AppData\Roaming\MiKTeX\2.9\tex/generic/pgf/basiclayer\p
gfcorepathconstruct.code.tex
File: pgfcorepathconstruct.code.tex 2019/01/05 v3.1 (3.1)
\pgf@path@lastx=\dimen148
\pgf@path@lasty=\dimen149
)
(C:\Users\Administrator\AppData\Roaming\MiKTeX\2.9\tex/generic/pgf/basiclayer\p
gfcorepathusage.code.tex
File: pgfcorepathusage.code.tex 2019/01/05 v3.1 (3.1)
\pgf@shorten@end@additional=\dimen150
\pgf@shorten@start@additional=\dimen151
)
(C:\Users\Administrator\AppData\Roaming\MiKTeX\2.9\tex/generic/pgf/basiclayer\p
gfcorescopes.code.tex
File: pgfcorescopes.code.tex 2019/01/05 v3.1 (3.1)
\pgfpic=\box31
\pgf@hbox=\box32
\pgf@layerbox@main=\box33
\pgf@picture@serial@count=\count113
)
(C:\Users\Administrator\AppData\Roaming\MiKTeX\2.9\tex/generic/pgf/basiclayer\p
gfcoregraphicstate.code.tex
File: pgfcoregraphicstate.code.tex 2019/01/05 v3.1 (3.1)
\pgflinewidth=\dimen152
)
(C:\Users\Administrator\AppData\Roaming\MiKTeX\2.9\tex/generic/pgf/basiclayer\p
gfcoretransformations.code.tex
File: pgfcoretransformations.code.tex 2019/01/05 v3.1 (3.1)
\pgf@pt@x=\dimen153
\pgf@pt@y=\dimen154
\pgf@pt@temp=\dimen155
)
(C:\Users\Administrator\AppData\Roaming\MiKTeX\2.9\tex/generic/pgf/basiclayer\p
gfcorequick.code.tex
File: pgfcorequick.code.tex 2019/01/05 v3.1 (3.1)
)
(C:\Users\Administrator\AppData\Roaming\MiKTeX\2.9\tex/generic/pgf/basiclayer\p
gfcoreobjects.code.tex
File: pgfcoreobjects.code.tex 2019/01/05 v3.1 (3.1)
)
(C:\Users\Administrator\AppData\Roaming\MiKTeX\2.9\tex/generic/pgf/basiclayer\p
gfcorepathprocessing.code.tex
File: pgfcorepathprocessing.code.tex 2019/01/05 v3.1 (3.1)
)
(C:\Users\Administrator\AppData\Roaming\MiKTeX\2.9\tex/generic/pgf/basiclayer\p
gfcorearrows.code.tex
File: pgfcorearrows.code.tex 2019/01/05 v3.1 (3.1)
\pgfarrowsep=\dimen156
)
(C:\Users\Administrator\AppData\Roaming\MiKTeX\2.9\tex/generic/pgf/basiclayer\p
gfcoreshade.code.tex
File: pgfcoreshade.code.tex 2019/01/05 v3.1 (3.1)
\pgf@max=\dimen157
\pgf@sys@shading@range@num=\count114
)
(C:\Users\Administrator\AppData\Roaming\MiKTeX\2.9\tex/generic/pgf/basiclayer\p
gfcoreimage.code.tex
File: pgfcoreimage.code.tex 2019/01/05 v3.1 (3.1)

(C:\Users\Administrator\AppData\Roaming\MiKTeX\2.9\tex/generic/pgf/basiclayer\p
gfcoreexternal.code.tex
File: pgfcoreexternal.code.tex 2019/01/05 v3.1 (3.1)
\pgfexternal@startupbox=\box34
))
(C:\Users\Administrator\AppData\Roaming\MiKTeX\2.9\tex/generic/pgf/basiclayer\p
gfcorelayers.code.tex
File: pgfcorelayers.code.tex 2019/01/05 v3.1 (3.1)
)
(C:\Users\Administrator\AppData\Roaming\MiKTeX\2.9\tex/generic/pgf/basiclayer\p
gfcoretransparency.code.tex
File: pgfcoretransparency.code.tex 2019/01/05 v3.1 (3.1)
)
(C:\Users\Administrator\AppData\Roaming\MiKTeX\2.9\tex/generic/pgf/basiclayer\p
gfcorepatterns.code.tex
File: pgfcorepatterns.code.tex 2019/01/05 v3.1 (3.1)
)
(C:\Users\Administrator\AppData\Roaming\MiKTeX\2.9\tex/generic/pgf/basiclayer\p
gfcorerdf.code.tex
File: pgfcorerdf.code.tex 2019/01/05 v3.1 (3.1)
)))
(C:\Users\Administrator\AppData\Roaming\MiKTeX\2.9\tex/generic/pgf/modules\pgfm
oduleshapes.code.tex
File: pgfmoduleshapes.code.tex 2019/01/05 v3.1 (3.1)
\pgfnodeparttextbox=\box35
)
(C:\Users\Administrator\AppData\Roaming\MiKTeX\2.9\tex/generic/pgf/modules\pgfm
oduleplot.code.tex
File: pgfmoduleplot.code.tex 2019/01/05 v3.1 (3.1)
)
(C:\Users\Administrator\AppData\Roaming\MiKTeX\2.9\tex/latex/pgf/compatibility\
pgfcomp-version-0-65.sty
Package: pgfcomp-version-0-65 2019/01/05 v3.1 (3.1)
\pgf@nodesepstart=\dimen158
\pgf@nodesepend=\dimen159
)
(C:\Users\Administrator\AppData\Roaming\MiKTeX\2.9\tex/latex/pgf/compatibility\
pgfcomp-version-1-18.sty
Package: pgfcomp-version-1-18 2019/01/05 v3.1 (3.1)
))
(C:\Users\Administrator\AppData\Roaming\MiKTeX\2.9\tex/latex/pgf/utilities\pgff
or.sty
(C:\Users\Administrator\AppData\Roaming\MiKTeX\2.9\tex/latex/pgf/utilities\pgfk
eys.sty
(C:\Users\Administrator\AppData\Roaming\MiKTeX\2.9\tex/generic/pgf/utilities\pg
fkeys.code.tex))
(C:\Users\Administrator\AppData\Roaming\MiKTeX\2.9\tex/latex/pgf/math\pgfmath.s
ty
(C:\Users\Administrator\AppData\Roaming\MiKTeX\2.9\tex/generic/pgf/math\pgfmath
.code.tex))
(C:\Users\Administrator\AppData\Roaming\MiKTeX\2.9\tex/generic/pgf/utilities\pg
ffor.code.tex
Package: pgffor 2019/01/05 v3.1 (3.1)

(C:\Users\Administrator\AppData\Roaming\MiKTeX\2.9\tex/generic/pgf/math\pgfmath
.code.tex)
\pgffor@iter=\dimen160
\pgffor@skip=\dimen161
\pgffor@stack=\toks32
\pgffor@toks=\toks33
))
(C:\Users\Administrator\AppData\Roaming\MiKTeX\2.9\tex/generic/pgf/frontendlaye
r/tikz\tikz.code.tex
Package: tikz 2019/01/05 v3.1 (3.1)

(C:\Users\Administrator\AppData\Roaming\MiKTeX\2.9\tex/generic/pgf/libraries\pg
flibraryplothandlers.code.tex
File: pgflibraryplothandlers.code.tex 2019/01/05 v3.1 (3.1)
\pgf@plot@mark@count=\count115
\pgfplotmarksize=\dimen162
)
\tikz@lastx=\dimen163
\tikz@lasty=\dimen164
\tikz@lastxsaved=\dimen165
\tikz@lastysaved=\dimen166
\tikzleveldistance=\dimen167
\tikzsiblingdistance=\dimen168
\tikz@figbox=\box36
\tikz@figbox@bg=\box37
\tikz@tempbox=\box38
\tikz@tempbox@bg=\box39
\tikztreelevel=\count116
\tikznumberofchildren=\count117
\tikznumberofcurrentchild=\count118
\tikz@fig@count=\count119

(C:\Users\Administrator\AppData\Roaming\MiKTeX\2.9\tex/generic/pgf/modules\pgfm
odulematrix.code.tex
File: pgfmodulematrix.code.tex 2019/01/05 v3.1 (3.1)
\pgfmatrixcurrentrow=\count120
\pgfmatrixcurrentcolumn=\count121
\pgf@matrix@numberofcolumns=\count122
)
\tikz@expandcount=\count123

(C:\Users\Administrator\AppData\Roaming\MiKTeX\2.9\tex/generic/pgf/frontendlaye
r/tikz/libraries\tikzlibrarytopaths.code.tex
File: tikzlibrarytopaths.code.tex 2019/01/05 v3.1 (3.1)
)))
(C:\Users\Administrator\AppData\Roaming\MiKTeX\2.9\tex/generic/pgfplots\pgfplot
s.code.tex
(C:\Users\Administrator\AppData\Roaming\MiKTeX\2.9\tex/generic/pgfplots\pgfplot
score.code.tex
\t@pgfplots@toka=\toks34
\t@pgfplots@tokb=\toks35
\t@pgfplots@tokc=\toks36
\pgfplots@tmpa=\dimen169
\c@pgfplots@coordindex=\count124
\c@pgfplots@scanlineindex=\count125

(C:\Users\Administrator\AppData\Roaming\MiKTeX\2.9\tex/generic/pgfplots/sys\pgf
plotssysgeneric.code.tex))
(C:\Users\Administrator\AppData\Roaming\MiKTeX\2.9\tex/generic/pgfplots/libs\pg
fplotslibrary.code.tex)
(C:\Users\Administrator\AppData\Roaming\MiKTeX\2.9\tex/generic/pgfplots/oldpgfc
ompatib\pgfplotsoldpgfsupp_loader.code.tex
(C:\Users\Administrator\AppData\Roaming\MiKTeX\2.9\tex/generic/pgf/libraries\pg
flibraryfpu.code.tex)
Package pgfplots: loading complementary arithmetics for your pgf version...

(C:\Users\Administrator\AppData\Roaming\MiKTeX\2.9\tex/generic/pgfplots/oldpgfc
ompatib\pgfplotsoldpgfsupp_pgflibraryfpu.code.tex)
(C:\Users\Administrator\AppData\Roaming\MiKTeX\2.9\tex/generic/pgfplots/oldpgfc
ompatib\pgfplotsoldpgfsupp_pgfmathfloat.code.tex
\c@pgfmathroundto@lastzeros=\count126
))
(C:\Users\Administrator\AppData\Roaming\MiKTeX\2.9\tex/generic/pgfplots/util\pg
fplotsutil.code.tex
(C:\Users\Administrator\AppData\Roaming\MiKTeX\2.9\tex/generic/pgfplots/liststr
ucture\pgfplotsliststructure.code.tex)
(C:\Users\Administrator\AppData\Roaming\MiKTeX\2.9\tex/generic/pgfplots/liststr
ucture\pgfplotsliststructureext.code.tex)
(C:\Users\Administrator\AppData\Roaming\MiKTeX\2.9\tex/generic/pgfplots/liststr
ucture\pgfplotsarray.code.tex
\c@pgfplotsarray@tmp=\count127
)
(C:\Users\Administrator\AppData\Roaming\MiKTeX\2.9\tex/generic/pgfplots/liststr
ucture\pgfplotsmatrix.code.tex)
(C:\Users\Administrator\AppData\Roaming\MiKTeX\2.9\tex/generic/pgfplots/numtabl
e\pgfplotstableshared.code.tex
\c@pgfplotstable@counta=\count128
\t@pgfplotstable@a=\toks37
)
(C:\Users\Administrator\AppData\Roaming\MiKTeX\2.9\tex/generic/pgfplots/liststr
ucture\pgfplotsdeque.code.tex)
(C:\Users\Administrator\AppData\Roaming\MiKTeX\2.9\tex/generic/pgfplots/util\pg
fplotsbinary.code.tex
(C:\Users\Administrator\AppData\Roaming\MiKTeX\2.9\tex/generic/pgfplots/util\pg
fplotsbinary.data.code.tex))
(C:\Users\Administrator\AppData\Roaming\MiKTeX\2.9\tex/generic/pgfplots/util\pg
fplotsutil.verb.code.tex)
(C:\Users\Administrator\AppData\Roaming\MiKTeX\2.9\tex/generic/pgfplots/libs\pg
flibrarypgfplots.surfshading.code.tex
\c@pgfplotslibrarysurf@no=\count129

(C:\Users\Administrator\AppData\Roaming\MiKTeX\2.9\tex/generic/pgfplots/sys\pgf
librarypgfplots.surfshading.pgfsys-pdftex.def)))
(C:\Users\Administrator\AppData\Roaming\MiKTeX\2.9\tex/generic/pgfplots/util\pg
fplotscolormap.code.tex
(C:\Users\Administrator\AppData\Roaming\MiKTeX\2.9\tex/generic/pgfplots/util\pg
fplotscolor.code.tex))
(C:\Users\Administrator\AppData\Roaming\MiKTeX\2.9\tex/generic/pgfplots\pgfplot
sstackedplots.code.tex)
(C:\Users\Administrator\AppData\Roaming\MiKTeX\2.9\tex/generic/pgfplots\pgfplot
splothandlers.code.tex
(C:\Users\Administrator\AppData\Roaming\MiKTeX\2.9\tex/generic/pgfplots\pgfplot
smeshplothandler.code.tex
(C:\Users\Administrator\AppData\Roaming\MiKTeX\2.9\tex/generic/pgfplots\pgfplot
smeshplotimage.code.tex)))
(C:\Users\Administrator\AppData\Roaming\MiKTeX\2.9\tex/generic/pgfplots\pgfplot
s.scaling.code.tex)
(C:\Users\Administrator\AppData\Roaming\MiKTeX\2.9\tex/generic/pgfplots\pgfplot
scoordprocessing.code.tex)
(C:\Users\Administrator\AppData\Roaming\MiKTeX\2.9\tex/generic/pgfplots\pgfplot
s.errorbars.code.tex)
(C:\Users\Administrator\AppData\Roaming\MiKTeX\2.9\tex/generic/pgfplots\pgfplot
s.markers.code.tex)
(C:\Users\Administrator\AppData\Roaming\MiKTeX\2.9\tex/generic/pgfplots\pgfplot
sticks.code.tex)
(C:\Users\Administrator\AppData\Roaming\MiKTeX\2.9\tex/generic/pgfplots\pgfplot
s.paths.code.tex)
(C:\Users\Administrator\AppData\Roaming\MiKTeX\2.9\tex/generic/pgf/frontendlaye
r/tikz/libraries\tikzlibrarydecorations.code.tex
(C:\Users\Administrator\AppData\Roaming\MiKTeX\2.9\tex/generic/pgf/modules\pgfm
oduledecorations.code.tex
\pgfdecoratedcompleteddistance=\dimen170
\pgfdecoratedremainingdistance=\dimen171
\pgfdecoratedinputsegmentcompleteddistance=\dimen172
\pgfdecoratedinputsegmentremainingdistance=\dimen173
\pgf@decorate@distancetomove=\dimen174
\pgf@decorate@repeatstate=\count130
\pgfdecorationsegmentamplitude=\dimen175
\pgfdecorationsegmentlength=\dimen176
)
\tikz@lib@dec@box=\box40
)
(C:\Users\Administrator\AppData\Roaming\MiKTeX\2.9\tex/generic/pgf/frontendlaye
r/tikz/libraries\tikzlibrarydecorations.pathmorphing.code.tex
(C:\Users\Administrator\AppData\Roaming\MiKTeX\2.9\tex/generic/pgf/libraries/de
corations\pgflibrarydecorations.pathmorphing.code.tex))
(C:\Users\Administrator\AppData\Roaming\MiKTeX\2.9\tex/generic/pgf/frontendlaye
r/tikz/libraries\tikzlibrarydecorations.pathreplacing.code.tex
(C:\Users\Administrator\AppData\Roaming\MiKTeX\2.9\tex/generic/pgf/libraries/de
corations\pgflibrarydecorations.pathreplacing.code.tex))
\pgfplots@numplots=\count131
\pgfplots@xmin@reg=\dimen177
\pgfplots@xmax@reg=\dimen178
\pgfplots@ymin@reg=\dimen179
\pgfplots@ymax@reg=\dimen180
\pgfplots@zmin@reg=\dimen181
\pgfplots@zmax@reg=\dimen182
)
(C:\Users\Administrator\AppData\Roaming\MiKTeX\2.9\tex/generic/pgf/frontendlaye
r/tikz/libraries\tikzlibraryplotmarks.code.tex
File: tikzlibraryplotmarks.code.tex 2019/01/05 v3.1 (3.1)

(C:\Users\Administrator\AppData\Roaming\MiKTeX\2.9\tex/generic/pgf/libraries\pg
flibraryplotmarks.code.tex
File: pgflibraryplotmarks.code.tex 2019/01/05 v3.1 (3.1)
)))
(C:\Users\Administrator\AppData\Roaming\MiKTeX\2.9\tex/latex/caption\subcaption
.sty
Package: subcaption 2018/05/01 v1.1-162 Sub-captions (AR)

(C:\Users\Administrator\AppData\Roaming\MiKTeX\2.9\tex/latex/caption\caption.st
y
Package: caption 2018/10/06 v3.3-154 Customizing captions (AR)

(C:\Users\Administrator\AppData\Roaming\MiKTeX\2.9\tex/latex/caption\caption3.s
ty
Package: caption3 2018/09/12 v1.8c caption3 kernel (AR)
Package caption3 Info: TeX engine: e-TeX on input line 64.
\captionmargin=\dimen183
\captionmargin@=\dimen184
\captionwidth=\dimen185
\caption@tempdima=\dimen186
\caption@indent=\dimen187
\caption@parindent=\dimen188
\caption@hangindent=\dimen189
)
\c@caption@flags=\count132
\c@ContinuedFloat=\count133
)
\c@subfigure=\count134
\c@subtable=\count135
)
(C:\Users\Administrator\AppData\Roaming\MiKTeX\2.9\tex/latex/was\gensymb.sty
Package: gensymb 2003/07/02 v1.0 (WaS)
)
("C:\Program Files\MiKTeX 2.9\tex/latex/amsfonts\amsfonts.sty"
Package: amsfonts 2013/01/14 v3.01 Basic AMSFonts support
\symAMSa=\mathgroup4
\symAMSb=\mathgroup5
LaTeX Font Info:    Overwriting math alphabet `\mathfrak' in version `bold'
(Font)                  U/euf/m/n --> U/euf/b/n on input line 106.
)
("C:\Program Files\MiKTeX 2.9\tex/latex/amsfonts\amssymb.sty"
Package: amssymb 2013/01/14 v3.01 AMS font symbols
)
("C:\Program Files\MiKTeX 2.9\tex/latex/amscls\amsthm.sty"
Package: amsthm 2017/10/31 v2.20.4
\thm@style=\toks38
\thm@bodyfont=\toks39
\thm@headfont=\toks40
\thm@notefont=\toks41
\thm@headpunct=\toks42
\thm@preskip=\skip50
\thm@postskip=\skip51
\thm@headsep=\skip52
\dth@everypar=\toks43
)
("C:\Program Files\MiKTeX 2.9\tex/latex/graphics\epsfig.sty"
Package: epsfig 2017/06/25 v1.7b (e)psfig emulation (SPQR)
\epsfxsize=\dimen190
\epsfysize=\dimen191
)
("C:\Program Files\MiKTeX 2.9\tex/latex/oberdiek\epstopdf.sty"
Package: epstopdf 2016/05/15 v2.6 Conversion with epstopdf on the fly (HO)

("C:\Program Files\MiKTeX 2.9\tex/latex/oberdiek\epstopdf-base.sty"
Package: epstopdf-base 2016/05/15 v2.6 Base part for package epstopdf

("C:\Program Files\MiKTeX 2.9\tex/generic/oberdiek\infwarerr.sty"
Package: infwarerr 2016/05/16 v1.4 Providing info/warning/error messages (HO)
)
("C:\Program Files\MiKTeX 2.9\tex/latex/oberdiek\grfext.sty"
Package: grfext 2016/05/16 v1.2 Manage graphics extensions (HO)

("C:\Program Files\MiKTeX 2.9\tex/generic/oberdiek\kvdefinekeys.sty"
Package: kvdefinekeys 2016/05/16 v1.4 Define keys (HO)

("C:\Program Files\MiKTeX 2.9\tex/generic/oberdiek\ltxcmds.sty"
Package: ltxcmds 2016/05/16 v1.23 LaTeX kernel commands for general use (HO)
)))
("C:\Program Files\MiKTeX 2.9\tex/latex/oberdiek\kvoptions.sty"
Package: kvoptions 2016/05/16 v3.12 Key value format for package options (HO)

("C:\Program Files\MiKTeX 2.9\tex/generic/oberdiek\kvsetkeys.sty"
Package: kvsetkeys 2016/05/16 v1.17 Key value parser (HO)

("C:\Program Files\MiKTeX 2.9\tex/generic/oberdiek\etexcmds.sty"
Package: etexcmds 2016/05/16 v1.6 Avoid name clashes with e-TeX commands (HO)

("C:\Program Files\MiKTeX 2.9\tex/generic/oberdiek\ifluatex.sty"
Package: ifluatex 2016/05/16 v1.4 Provides the ifluatex switch (HO)
Package ifluatex Info: LuaTeX not detected.
))))
("C:\Program Files\MiKTeX 2.9\tex/generic/oberdiek\pdftexcmds.sty"
Package: pdftexcmds 2018/09/10 v0.29 Utility functions of pdfTeX for LuaTeX (HO
)

("C:\Program Files\MiKTeX 2.9\tex/generic/oberdiek\ifpdf.sty"
Package: ifpdf 2018/09/07 v3.3 Provides the ifpdf switch
)
Package pdftexcmds Info: LuaTeX not detected.
Package pdftexcmds Info: \pdf@primitive is available.
Package pdftexcmds Info: \pdf@ifprimitive is available.
Package pdftexcmds Info: \pdfdraftmode found.
)
Package epstopdf-base Info: Redefining graphics rule for `.eps' on input line 4
38.
Package grfext Info: Graphics extension search list:
(grfext)             [.pdf,.png,.jpg,.mps,.jpeg,.jbig2,.jb2,.PDF,.PNG,.JPG,.JPE
G,.JBIG2,.JB2,.eps]
(grfext)             \AppendGraphicsExtensions on input line 456.
))
(C:\Users\Administrator\AppData\Roaming\MiKTeX\2.9\tex/latex/titling\titling.st
y
Package: titling 2009/09/04 v2.1d maketitle typesetting
\thanksmarkwidth=\skip53
\thanksmargin=\skip54
\droptitle=\skip55
) (C:\Users\Administrator\AppData\Roaming\MiKTeX\2.9\tex/latex/url\url.sty
\Urlmuskip=\muskip11
Package: url 2013/09/16  ver 3.4  Verb mode for urls, etc.
)
("C:\Program Files\MiKTeX 2.9\tex/latex/tools\array.sty"
Package: array 2018/12/30 v2.4k Tabular extension package (FMi)
\col@sep=\dimen192
\ar@mcellbox=\box41
\extrarowheight=\dimen193
\NC@list=\toks44
\extratabsurround=\skip56
\backup@length=\skip57
\ar@cellbox=\box42
)
("C:\Program Files\MiKTeX 2.9\tex/latex/tools\enumerate.sty"
Package: enumerate 2015/07/23 v3.00 enumerate extensions (DPC)
\@enLab=\toks45
)
("C:\Program Files\MiKTeX 2.9\tex/latex/geometry\geometry.sty"
Package: geometry 2018/04/16 v5.8 Page Geometry

("C:\Program Files\MiKTeX 2.9\tex/generic/oberdiek\ifvtex.sty"
Package: ifvtex 2016/05/16 v1.6 Detect VTeX and its facilities (HO)
Package ifvtex Info: VTeX not detected.
)
("C:\Program Files\MiKTeX 2.9\tex/generic/ifxetex\ifxetex.sty"
Package: ifxetex 2010/09/12 v0.6 Provides ifxetex conditional
)
\Gm@cnth=\count136
\Gm@cntv=\count137
\c@Gm@tempcnt=\count138
\Gm@bindingoffset=\dimen194
\Gm@wd@mp=\dimen195
\Gm@odd@mp=\dimen196
\Gm@even@mp=\dimen197
\Gm@layoutwidth=\dimen198
\Gm@layoutheight=\dimen199
\Gm@layouthoffset=\dimen256
\Gm@layoutvoffset=\dimen257
\Gm@dimlist=\toks46

("C:\Program Files\MiKTeX 2.9\tex/latex/geometry\geometry.cfg"))
(C:\Users\Administrator\AppData\Roaming\MiKTeX\2.9\tex/latex/algorithms\algorit
hm.sty
Package: algorithm 2009/08/24 v0.1 Document Style `algorithm' - floating enviro
nment
 ("C:\Program Files\MiKTeX 2.9\tex/latex/float\float.sty"
Package: float 2001/11/08 v1.3d Float enhancements (AL)
\c@float@type=\count139
\float@exts=\toks47
\float@box=\box43
\@float@everytoks=\toks48
\@floatcapt=\box44
)
("C:\Program Files\MiKTeX 2.9\tex/latex/base\ifthen.sty"
Package: ifthen 2014/09/29 v1.1c Standard LaTeX ifthen package (DPC)
)
\@float@every@algorithm=\toks49
\c@algorithm=\count140
)
(C:\Users\Administrator\AppData\Roaming\MiKTeX\2.9\tex/latex/algorithmicx\algps
eudocode.sty
Package: algpseudocode 

(C:\Users\Administrator\AppData\Roaming\MiKTeX\2.9\tex/latex/algorithmicx\algor
ithmicx.sty
Package: algorithmicx 2005/04/27 v1.2 Algorithmicx

Document Style algorithmicx 1.2 - a greatly improved `algorithmic' style
\c@ALG@line=\count141
\c@ALG@rem=\count142
\c@ALG@nested=\count143
\ALG@tlm=\skip58
\ALG@thistlm=\skip59
\c@ALG@Lnr=\count144
\c@ALG@blocknr=\count145
\c@ALG@storecount=\count146
\c@ALG@tmpcounter=\count147
\ALG@tmplength=\skip60
)
Document Style - pseudocode environments for use with the `algorithmicx' style
)
\c@thm=\count148
\c@assumption=\count149
\c@defn=\count150
 (darft_01072019.aux

LaTeX Warning: Label `fig: 2a' multiply defined.

)
\openout1 = `darft_01072019.aux'.

LaTeX Font Info:    Checking defaults for OML/cmm/m/it on input line 53.
LaTeX Font Info:    ... okay on input line 53.
LaTeX Font Info:    Checking defaults for T1/cmr/m/n on input line 53.
LaTeX Font Info:    ... okay on input line 53.
LaTeX Font Info:    Checking defaults for OT1/cmr/m/n on input line 53.
LaTeX Font Info:    ... okay on input line 53.
LaTeX Font Info:    Checking defaults for OMS/cmsy/m/n on input line 53.
LaTeX Font Info:    ... okay on input line 53.
LaTeX Font Info:    Checking defaults for OMX/cmex/m/n on input line 53.
LaTeX Font Info:    ... okay on input line 53.
LaTeX Font Info:    Checking defaults for U/cmr/m/n on input line 53.
LaTeX Font Info:    ... okay on input line 53.

(C:\Users\Administrator\AppData\Roaming\MiKTeX\2.9\tex/context/base\supp-pdf.mk
ii
[Loading MPS to PDF converter (version 2006.09.02).]
\scratchcounter=\count151
\scratchdimen=\dimen258
\scratchbox=\box45
\nofMPsegments=\count152
\nofMParguments=\count153
\everyMPshowfont=\toks50
\MPscratchCnt=\count154
\MPscratchDim=\dimen259
\MPnumerator=\count155
\makeMPintoPDFobject=\count156
\everyMPtoPDFconversion=\toks51
) ABD: EveryShipout initializing macros
Package pgfplots notification 'compat/show suggested version=true': you might b
enefit from \pgfplotsset{compat=1.16} (current compat level: 1.15).

Package caption Info: Begin \AtBeginDocument code.
Package caption Info: float package is loaded.
Package caption Info: End \AtBeginDocument code.
LaTeX Info: Redefining \celsius on input line 53.
Package gensymb Info: Faking symbols for \degree and \celsius on input line 53.


Package gensymb Warning: Not defining \perthousand.

LaTeX Info: Redefining \ohm on input line 53.
Package gensymb Info: Using \Omega for \ohm on input line 53.

Package gensymb Warning: Not defining \micro.

*geometry* driver: auto-detecting
*geometry* detected driver: pdftex
*geometry* verbose mode - [ preamble ] result:
* driver: pdftex
* paper: a4paper
* layout: <same size as paper>
* layoutoffset:(h,v)=(0.0pt,0.0pt)
* modes: 
* h-part:(L,W,R)=(81.94394pt, 433.62pt, 81.94394pt)
* v-part:(T,H,B)=(106.75473pt, 578.15999pt, 160.13213pt)
* \paperwidth=597.50787pt
* \paperheight=845.04684pt
* \textwidth=433.62pt
* \textheight=578.15999pt
* \oddsidemargin=9.67395pt
* \evensidemargin=9.67395pt
* \topmargin=-2.51526pt
* \headheight=12.0pt
* \headsep=25.0pt
* \topskip=10.0pt
* \footskip=30.0pt
* \marginparwidth=65.0pt
* \marginparsep=11.0pt
* \columnsep=10.0pt
* \skip\footins=9.0pt plus 4.0pt minus 2.0pt
* \hoffset=0.0pt
* \voffset=0.0pt
* \mag=1000
* \@twocolumnfalse
* \@twosidefalse
* \@mparswitchfalse
* \@reversemarginfalse
* (1in=72.27pt=25.4mm, 1cm=28.453pt)

LaTeX Font Info:    Try loading font information for U+msa on input line 54.
("C:\Program Files\MiKTeX 2.9\tex/latex/amsfonts\umsa.fd"
File: umsa.fd 2013/01/14 v3.01 AMS symbols A
)
LaTeX Font Info:    Try loading font information for U+msb on input line 54.

("C:\Program Files\MiKTeX 2.9\tex/latex/amsfonts\umsb.fd"
File: umsb.fd 2013/01/14 v3.01 AMS symbols B
)
LaTeX Font Info:    Try loading font information for U+euf on input line 61.

("C:\Program Files\MiKTeX 2.9\tex/latex/amsfonts\ueuf.fd"
File: ueuf.fd 2013/01/14 v3.01 Euler Fraktur
) [1

{C:/Users/Administrator/AppData/Local/MiKTeX/2.9/pdftex/config/pdftex.map}] [2]
 [3] [4]
LaTeX Font Info:    Try loading font information for U+bbm on input line 191.

(C:\Users\Administrator\AppData\Roaming\MiKTeX\2.9\tex/latex/bbm\ubbm.fd
File: ubbm.fd 1999/03/15 V 1.2 Font definition for bbm font - TH
)
[5] [6] [7] [8]
PGFPlots: reading {../results/synth_exp_sample_size_var.csv}
PGFPlots: reading {../results/synth_exp_sample_size_var.csv}

NOTE: coordinate (0.0,-0.0011742405027683576) has been dropped because it is un
bounded (in x). (see also unbounded coords=jump). 
NOTE: coordinate (0.005000000000000001,0.0017875803452764582) has been dropped 
because it is unbounded (in x). (see also unbounded coords=jump). 
NOTE: coordinate (0.010000000000000002,0.00825711530198691) has been dropped be
cause it is unbounded (in x). (see also unbounded coords=jump). 
NOTE: coordinate (0.015,0.013112107287601617) has been dropped because it is un
bounded (in x). (see also unbounded coords=jump). 
NOTE: coordinate (0.020000000000000004,0.01741532739948094) has been dropped be
cause it is unbounded (in x). (see also unbounded coords=jump). 
NOTE: coordinate (0.025,0.024214124300722385) has been dropped because it is un
bounded (in x). (see also unbounded coords=jump). 
NOTE: coordinate (0.03,0.028681483775164454) has been dropped because it is unb
ounded (in x). (see also unbounded coords=jump). 
NOTE: coordinate (0.034999999999999996,0.03403245467280528) has been dropped be
cause it is unbounded (in x). (see also unbounded coords=jump). 
NOTE: coordinate (0.04000000000000001,0.040048363841741805) has been dropped be
cause it is unbounded (in x). (see also unbounded coords=jump). 
NOTE: coordinate (0.045000000000000005,0.045811335543936266) has been dropped b
ecause it is unbounded (in x). (see also unbounded coords=jump). 
NOTE: coordinate (0.05,0.05128026653640771) has been dropped because it is unbo
unded (in x). (see also unbounded coords=jump). 
PGFPlots: reading {../results/synth_exp_sample_size_var.csv}
NOTE: coordinate (0.0,0.0002891662007534164) has been dropped because it is unb
ounded (in x). (see also unbounded coords=jump). 
NOTE: coordinate (0.005000000000000001,0.003772748552338808) has been dropped b
ecause it is unbounded (in x). (see also unbounded coords=jump). 
NOTE: coordinate (0.010000000000000002,0.009585581734400085) has been dropped b
ecause it is unbounded (in x). (see also unbounded coords=jump). 
NOTE: coordinate (0.015,0.01132634061042239) has been dropped because it is unb
ounded (in x). (see also unbounded coords=jump). 
NOTE: coordinate (0.020000000000000004,0.01675729632711896) has been dropped be
cause it is unbounded (in x). (see also unbounded coords=jump). 
NOTE: coordinate (0.025,0.02103857570648003) has been dropped because it is unb
ounded (in x). (see also unbounded coords=jump). 
NOTE: coordinate (0.03,0.02598937212541301) has been dropped because it is unbo
unded (in x). (see also unbounded coords=jump). 
NOTE: coordinate (0.034999999999999996,0.031951191650474185) has been dropped b
ecause it is unbounded (in x). (see also unbounded coords=jump). 
NOTE: coordinate (0.04000000000000001,0.0382815965126826) has been dropped beca
use it is unbounded (in x). (see also unbounded coords=jump). 
NOTE: coordinate (0.045000000000000005,0.04327814457266407) has been dropped be
cause it is unbounded (in x). (see also unbounded coords=jump). 
NOTE: coordinate (0.05,0.04747927762341583) has been dropped because it is unbo
unded (in x). (see also unbounded coords=jump). 
PGFPlots: reading {../results/synth_exp_sample_size_var.csv}
PGFPlots: reading {../results/synth_exp_sample_size_alpha.csv}
NOTE: coordinate (0.0025,0.001840318677834757) has been dropped because it is u
nbounded (in x). (see also unbounded coords=jump). 
NOTE: coordinate (0.005,0.0036387176953587364) has been dropped because it is u
nbounded (in x). (see also unbounded coords=jump). 
NOTE: coordinate (0.0075,0.006440444250699103) has been dropped because it is u
nbounded (in x). (see also unbounded coords=jump). 
NOTE: coordinate (0.01,0.00891348869793079) has been dropped because it is unbo
unded (in x). (see also unbounded coords=jump). 
NOTE: coordinate (0.0125,0.011091213619328976) has been dropped because it is u
nbounded (in x). (see also unbounded coords=jump). 
NOTE: coordinate (0.015,0.01260009278373104) has been dropped because it is unb
ounded (in x). (see also unbounded coords=jump). 
NOTE: coordinate (0.0175,0.01606590329940577) has been dropped because it is un
bounded (in x). (see also unbounded coords=jump). 
NOTE: coordinate (0.02,0.018087283264718108) has been dropped because it is unb
ounded (in x). (see also unbounded coords=jump). 
NOTE: coordinate (0.0225,0.021301476921289805) has been dropped because it is u
nbounded (in x). (see also unbounded coords=jump). 
PGFPlots: reading {../results/synth_exp_sample_size_alpha.csv}
NOTE: coordinate (0.0025,0.002040086082317842) has been dropped because it is u
nbounded (in x). (see also unbounded coords=jump). 
NOTE: coordinate (0.005,0.004071878963481065) has been dropped because it is un
bounded (in x). (see also unbounded coords=jump). 
NOTE: coordinate (0.0075,0.005344901403962316) has been dropped because it is u
nbounded (in x). (see also unbounded coords=jump). 
NOTE: coordinate (0.01,0.007916840895554705) has been dropped because it is unb
ounded (in x). (see also unbounded coords=jump). 
NOTE: coordinate (0.0125,0.010616061444910577) has been dropped because it is u
nbounded (in x). (see also unbounded coords=jump). 
NOTE: coordinate (0.015,0.012640125521294081) has been dropped because it is un
bounded (in x). (see also unbounded coords=jump). 
NOTE: coordinate (0.0175,0.014356679544722311) has been dropped because it is u
nbounded (in x). (see also unbounded coords=jump). 
NOTE: coordinate (0.02,0.015978153761546165) has been dropped because it is unb
ounded (in x). (see also unbounded coords=jump). 
NOTE: coordinate (0.0225,0.018819304939584423) has been dropped because it is u
nbounded (in x). (see also unbounded coords=jump). 
PGFPlots: reading {../results/synth_exp_sample_size_var.csv}
PGFPlots: reading {../results/synth_exp_sample_size_var.csv}
NOTE: coordinate (0.0,-0.0011742405027683576) has been dropped because it is un
bounded (in x). (see also unbounded coords=jump). 
NOTE: coordinate (0.005000000000000001,0.0017875803452764582) has been dropped 
because it is unbounded (in x). (see also unbounded coords=jump). 
NOTE: coordinate (0.010000000000000002,0.00825711530198691) has been dropped be
cause it is unbounded (in x). (see also unbounded coords=jump). 
NOTE: coordinate (0.015,0.013112107287601617) has been dropped because it is un
bounded (in x). (see also unbounded coords=jump). 
NOTE: coordinate (0.020000000000000004,0.01741532739948094) has been dropped be
cause it is unbounded (in x). (see also unbounded coords=jump). 
NOTE: coordinate (0.025,0.024214124300722385) has been dropped because it is un
bounded (in x). (see also unbounded coords=jump). 
NOTE: coordinate (0.03,0.028681483775164454) has been dropped because it is unb
ounded (in x). (see also unbounded coords=jump). 
NOTE: coordinate (0.034999999999999996,0.03403245467280528) has been dropped be
cause it is unbounded (in x). (see also unbounded coords=jump). 
NOTE: coordinate (0.04000000000000001,0.040048363841741805) has been dropped be
cause it is unbounded (in x). (see also unbounded coords=jump). 
NOTE: coordinate (0.045000000000000005,0.045811335543936266) has been dropped b
ecause it is unbounded (in x). (see also unbounded coords=jump). 
NOTE: coordinate (0.05,0.05128026653640771) has been dropped because it is unbo
unded (in x). (see also unbounded coords=jump). 
PGFPlots: reading {../results/synth_exp_sample_size_var.csv}
NOTE: coordinate (0.0,0.0002891662007534164) has been dropped because it is unb
ounded (in x). (see also unbounded coords=jump). 
NOTE: coordinate (0.005000000000000001,0.003772748552338808) has been dropped b
ecause it is unbounded (in x). (see also unbounded coords=jump). 
NOTE: coordinate (0.010000000000000002,0.009585581734400085) has been dropped b
ecause it is unbounded (in x). (see also unbounded coords=jump). 
NOTE: coordinate (0.015,0.01132634061042239) has been dropped because it is unb
ounded (in x). (see also unbounded coords=jump). 
NOTE: coordinate (0.020000000000000004,0.01675729632711896) has been dropped be
cause it is unbounded (in x). (see also unbounded coords=jump). 
NOTE: coordinate (0.025,0.02103857570648003) has been dropped because it is unb
ounded (in x). (see also unbounded coords=jump). 
NOTE: coordinate (0.03,0.02598937212541301) has been dropped because it is unbo
unded (in x). (see also unbounded coords=jump). 
NOTE: coordinate (0.034999999999999996,0.031951191650474185) has been dropped b
ecause it is unbounded (in x). (see also unbounded coords=jump). 
NOTE: coordinate (0.04000000000000001,0.0382815965126826) has been dropped beca
use it is unbounded (in x). (see also unbounded coords=jump). 
NOTE: coordinate (0.045000000000000005,0.04327814457266407) has been dropped be
cause it is unbounded (in x). (see also unbounded coords=jump). 
NOTE: coordinate (0.05,0.04747927762341583) has been dropped because it is unbo
unded (in x). (see also unbounded coords=jump). 

LaTeX Warning: `!h' float specifier changed to `!ht'.

PGFPlots: reading {../results/synth_exp_unbalance_3a.csv}
NOTE: coordinate (-0.3,0.019486141832549812) has been dropped because it is unb
ounded (in x). (see also unbounded coords=jump). 
NOTE: coordinate (-0.2,0.017111097977372473) has been dropped because it is unb
ounded (in x). (see also unbounded coords=jump). 
NOTE: coordinate (-0.1,0.012515812610880993) has been dropped because it is unb
ounded (in x). (see also unbounded coords=jump). 
NOTE: coordinate (0.0,0.005569065210910627) has been dropped because it is unbo
unded (in x). (see also unbounded coords=jump). 
NOTE: coordinate (0.1,0.007520602486796639) has been dropped because it is unbo
unded (in x). (see also unbounded coords=jump). 
NOTE: coordinate (0.2,0.01777760649987794) has been dropped because it is unbou
nded (in x). (see also unbounded coords=jump). 
NOTE: coordinate (0.3,0.025266684638381186) has been dropped because it is unbo
unded (in x). (see also unbounded coords=jump). 
NOTE: coordinate (-0.3,) has been dropped because it is unbounded (in x). (see 
also unbounded coords=jump). 
NOTE: coordinate (-0.2,) has been dropped because it is unbounded (in x). (see 
also unbounded coords=jump). 
NOTE: coordinate (-0.1,) has been dropped because it is unbounded (in x). (see 
also unbounded coords=jump). 
NOTE: coordinate (0.0,) has been dropped because it is unbounded (in x). (see a
lso unbounded coords=jump). 
NOTE: coordinate (0.1,) has been dropped because it is unbounded (in x). (see a
lso unbounded coords=jump). 
NOTE: coordinate (0.2,) has been dropped because it is unbounded (in x). (see a
lso unbounded coords=jump). 
NOTE: coordinate (0.3,) has been dropped because it is unbounded (in x). (see a
lso unbounded coords=jump). 
PGFPlots: reading {../results/synth_exp_unbalance_3a.csv}
NOTE: coordinate (-0.3,0.032877813504823154) has been dropped because it is unb
ounded (in x). (see also unbounded coords=jump). 
NOTE: coordinate (-0.2,0.02782530839633903) has been dropped because it is unbo
unded (in x). (see also unbounded coords=jump). 
NOTE: coordinate (-0.1,0.018833131801692875) has been dropped because it is unb
ounded (in x). (see also unbounded coords=jump). 
NOTE: coordinate (0.0,-0.0012626262626262777) has been dropped because it is un
bounded (in x). (see also unbounded coords=jump). 
NOTE: coordinate (0.1,0.005125353821269711) has been dropped because it is unbo
unded (in x). (see also unbounded coords=jump). 
NOTE: coordinate (0.2,0.017249300838993224) has been dropped because it is unbo
unded (in x). (see also unbounded coords=jump). 
NOTE: coordinate (0.3,0.021527777777777778) has been dropped because it is unbo
unded (in x). (see also unbounded coords=jump). 
NOTE: coordinate (-0.3,) has been dropped because it is unbounded (in x). (see 
also unbounded coords=jump). 
NOTE: coordinate (-0.2,) has been dropped because it is unbounded (in x). (see 
also unbounded coords=jump). 
NOTE: coordinate (-0.1,) has been dropped because it is unbounded (in x). (see 
also unbounded coords=jump). 
NOTE: coordinate (0.0,) has been dropped because it is unbounded (in x). (see a
lso unbounded coords=jump). 
NOTE: coordinate (0.1,) has been dropped because it is unbounded (in x). (see a
lso unbounded coords=jump). 
NOTE: coordinate (0.2,) has been dropped because it is unbounded (in x). (see a
lso unbounded coords=jump). 
NOTE: coordinate (0.3,) has been dropped because it is unbounded (in x). (see a
lso unbounded coords=jump). 
PGFPlots: reading {../results/synth_exp_unbalance_3a.csv}
NOTE: coordinate (-0.3,0.032877813504823154) has been dropped because it is unb
ounded (in x). (see also unbounded coords=jump). 
NOTE: coordinate (-0.2,0.02782530839633903) has been dropped because it is unbo
unded (in x). (see also unbounded coords=jump). 
NOTE: coordinate (-0.1,0.018833131801692875) has been dropped because it is unb
ounded (in x). (see also unbounded coords=jump). 
NOTE: coordinate (0.0,-0.0012626262626262777) has been dropped because it is un
bounded (in x). (see also unbounded coords=jump). 
NOTE: coordinate (0.1,0.005125353821269711) has been dropped because it is unbo
unded (in x). (see also unbounded coords=jump). 
NOTE: coordinate (0.2,0.017249300838993224) has been dropped because it is unbo
unded (in x). (see also unbounded coords=jump). 
NOTE: coordinate (0.3,0.021527777777777778) has been dropped because it is unbo
unded (in x). (see also unbounded coords=jump). 
NOTE: coordinate (-0.3,0.019486141832549812) has been dropped because it is unb
ounded (in x). (see also unbounded coords=jump). 
NOTE: coordinate (-0.2,0.017111097977372473) has been dropped because it is unb
ounded (in x). (see also unbounded coords=jump). 
NOTE: coordinate (-0.1,0.012515812610880993) has been dropped because it is unb
ounded (in x). (see also unbounded coords=jump). 
NOTE: coordinate (0.0,0.005569065210910627) has been dropped because it is unbo
unded (in x). (see also unbounded coords=jump). 
NOTE: coordinate (0.1,0.007520602486796639) has been dropped because it is unbo
unded (in x). (see also unbounded coords=jump). 
NOTE: coordinate (0.2,0.01777760649987794) has been dropped because it is unbou
nded (in x). (see also unbounded coords=jump). 
NOTE: coordinate (0.3,0.025266684638381186) has been dropped because it is unbo
unded (in x). (see also unbounded coords=jump). 
NOTE: coordinate (-0.3,) has been dropped because it is unbounded (in x). (see 
also unbounded coords=jump). 
NOTE: coordinate (-0.2,) has been dropped because it is unbounded (in x). (see 
also unbounded coords=jump). 
NOTE: coordinate (-0.1,) has been dropped because it is unbounded (in x). (see 
also unbounded coords=jump). 
NOTE: coordinate (0.0,) has been dropped because it is unbounded (in x). (see a
lso unbounded coords=jump). 
NOTE: coordinate (0.1,) has been dropped because it is unbounded (in x). (see a
lso unbounded coords=jump). 
NOTE: coordinate (0.2,) has been dropped because it is unbounded (in x). (see a
lso unbounded coords=jump). 
NOTE: coordinate (0.3,) has been dropped because it is unbounded (in x). (see a
lso unbounded coords=jump). 

Package pgfplots Warning: the current plot has no coordinates (or all have been
 filtered away) on input line 480.

 [warning /pgfplots/warning/plot without coordinates]
PGFPlots: reading {../results/synth_exp_unbalance_3a.csv}
NOTE: coordinate (-0.3,0.032877813504823154) has been dropped because it is unb
ounded (in x). (see also unbounded coords=jump). 
NOTE: coordinate (-0.2,0.02782530839633903) has been dropped because it is unbo
unded (in x). (see also unbounded coords=jump). 
NOTE: coordinate (-0.1,0.018833131801692875) has been dropped because it is unb
ounded (in x). (see also unbounded coords=jump). 
NOTE: coordinate (0.0,-0.0012626262626262777) has been dropped because it is un
bounded (in x). (see also unbounded coords=jump). 
NOTE: coordinate (0.1,0.005125353821269711) has been dropped because it is unbo
unded (in x). (see also unbounded coords=jump). 
NOTE: coordinate (0.2,0.017249300838993224) has been dropped because it is unbo
unded (in x). (see also unbounded coords=jump). 
NOTE: coordinate (0.3,0.021527777777777778) has been dropped because it is unbo
unded (in x). (see also unbounded coords=jump). 
NOTE: coordinate (-0.3,0.019486141832549812) has been dropped because it is unb
ounded (in x). (see also unbounded coords=jump). 
NOTE: coordinate (-0.2,0.017111097977372473) has been dropped because it is unb
ounded (in x). (see also unbounded coords=jump). 
NOTE: coordinate (-0.1,0.012515812610880993) has been dropped because it is unb
ounded (in x). (see also unbounded coords=jump). 
NOTE: coordinate (0.0,0.005569065210910627) has been dropped because it is unbo
unded (in x). (see also unbounded coords=jump). 
NOTE: coordinate (0.1,0.007520602486796639) has been dropped because it is unbo
unded (in x). (see also unbounded coords=jump). 
NOTE: coordinate (0.2,0.01777760649987794) has been dropped because it is unbou
nded (in x). (see also unbounded coords=jump). 
NOTE: coordinate (0.3,0.025266684638381186) has been dropped because it is unbo
unded (in x). (see also unbounded coords=jump). 
NOTE: coordinate (-0.3,) has been dropped because of a coordinate filter. (see 
also unbounded coords=jump). 
NOTE: coordinate (-0.2,) has been dropped because of a coordinate filter. (see 
also unbounded coords=jump). 
NOTE: coordinate (-0.1,) has been dropped because of a coordinate filter. (see 
also unbounded coords=jump). 
NOTE: coordinate (0.0,) has been dropped because of a coordinate filter. (see a
lso unbounded coords=jump). 
NOTE: coordinate (0.1,) has been dropped because of a coordinate filter. (see a
lso unbounded coords=jump). 
NOTE: coordinate (0.2,) has been dropped because of a coordinate filter. (see a
lso unbounded coords=jump). 
NOTE: coordinate (0.3,) has been dropped because of a coordinate filter. (see a
lso unbounded coords=jump). 

Package pgfplots Warning: the current plot has no coordinates (or all have been
 filtered away) on input line 480.

 [warning /pgfplots/warning/plot without coordinates]
Missing character: There is no ; in font nullfont!
PGFPlots: reading {../results/synth_exp_unbalance_2b.csv}
NOTE: coordinate (-0.3,0.6431497961242199) has been dropped because it is unbou
nded (in x). (see also unbounded coords=jump). 
NOTE: coordinate (-0.2,0.819985889541504) has been dropped because it is unboun
ded (in x). (see also unbounded coords=jump). 
NOTE: coordinate (-0.1,0.7852455524261782) has been dropped because it is unbou
nded (in x). (see also unbounded coords=jump). 
NOTE: coordinate (0.0,1.2371482305078283) has been dropped because it is unboun
ded (in x). (see also unbounded coords=jump). 
NOTE: coordinate (0.1,0.8066297104597291) has been dropped because it is unboun
ded (in x). (see also unbounded coords=jump). 
NOTE: coordinate (0.2,1.2440180214699403) has been dropped because it is unboun
ded (in x). (see also unbounded coords=jump). 
NOTE: coordinate (0.3,0.743596338538896) has been dropped because it is unbound
ed (in x). (see also unbounded coords=jump). 
NOTE: coordinate (-0.3,1.2054431886977037) has been dropped because it is unbou
nded (in x). (see also unbounded coords=jump). 
NOTE: coordinate (-0.2,0.9169037177943625) has been dropped because it is unbou
nded (in x). (see also unbounded coords=jump). 
NOTE: coordinate (-0.1,1.1770909600309747) has been dropped because it is unbou
nded (in x). (see also unbounded coords=jump). 
NOTE: coordinate (0.0,0.8635075574727559) has been dropped because it is unboun
ded (in x). (see also unbounded coords=jump). 
NOTE: coordinate (0.1,1.1936449416349448) has been dropped because it is unboun
ded (in x). (see also unbounded coords=jump). 
NOTE: coordinate (0.2,0.9187733481707554) has been dropped because it is unboun
ded (in x). (see also unbounded coords=jump). 
NOTE: coordinate (0.3,1.2749090596782673) has been dropped because it is unboun
ded (in x). (see also unbounded coords=jump). 
NOTE: coordinate (-0.3,0.8374726434952212) has been dropped because it is unbou
nded (in x). (see also unbounded coords=jump). 
NOTE: coordinate (-0.2,1.1029042986223578) has been dropped because it is unbou
nded (in x). (see also unbounded coords=jump). 
NOTE: coordinate (-0.1,1.0242137049490743) has been dropped because it is unbou
nded (in x). (see also unbounded coords=jump). 
NOTE: coordinate (0.0,0.9891807324884369) has been dropped because it is unboun
ded (in x). (see also unbounded coords=jump). 
NOTE: coordinate (0.1,0.9643640462533535) has been dropped because it is unboun
ded (in x). (see also unbounded coords=jump). 
NOTE: coordinate (0.2,0.959077866522088) has been dropped because it is unbound
ed (in x). (see also unbounded coords=jump). 
NOTE: coordinate (0.3,0.9563733380148205) has been dropped because it is unboun
ded (in x). (see also unbounded coords=jump). 
PGFPlots: reading {../results/synth_exp_unbalance_2b.csv}
NOTE: coordinate (-0.3,1.9426577910257197) has been dropped because it is unbou
nded (in x). (see also unbounded coords=jump). 
NOTE: coordinate (-0.2,1.3075508997564744) has been dropped because it is unbou
nded (in x). (see also unbounded coords=jump). 
NOTE: coordinate (-0.1,0.9483838164450688) has been dropped because it is unbou
nded (in x). (see also unbounded coords=jump). 
NOTE: coordinate (0.0,0.675898275992387) has been dropped because it is unbound
ed (in x). (see also unbounded coords=jump). 
NOTE: coordinate (0.1,0.9206079780279607) has been dropped because it is unboun
ded (in x). (see also unbounded coords=jump). 
NOTE: coordinate (0.2,1.2957153189305586) has been dropped because it is unboun
ded (in x). (see also unbounded coords=jump). 
NOTE: coordinate (0.3,1.6863081648327225) has been dropped because it is unboun
ded (in x). (see also unbounded coords=jump). 
NOTE: coordinate (-0.3,1.2054431886977037) has been dropped because it is unbou
nded (in x). (see also unbounded coords=jump). 
NOTE: coordinate (-0.2,0.9169037177943625) has been dropped because it is unbou
nded (in x). (see also unbounded coords=jump). 
NOTE: coordinate (-0.1,1.1770909600309747) has been dropped because it is unbou
nded (in x). (see also unbounded coords=jump). 
NOTE: coordinate (0.0,0.8635075574727559) has been dropped because it is unboun
ded (in x). (see also unbounded coords=jump). 
NOTE: coordinate (0.1,1.1936449416349448) has been dropped because it is unboun
ded (in x). (see also unbounded coords=jump). 
NOTE: coordinate (0.2,0.9187733481707554) has been dropped because it is unboun
ded (in x). (see also unbounded coords=jump). 
NOTE: coordinate (0.3,1.2749090596782673) has been dropped because it is unboun
ded (in x). (see also unbounded coords=jump). 
NOTE: coordinate (-0.3,0.8374726434952212) has been dropped because it is unbou
nded (in x). (see also unbounded coords=jump). 
NOTE: coordinate (-0.2,1.1029042986223578) has been dropped because it is unbou
nded (in x). (see also unbounded coords=jump). 
NOTE: coordinate (-0.1,1.0242137049490743) has been dropped because it is unbou
nded (in x). (see also unbounded coords=jump). 
NOTE: coordinate (0.0,0.9891807324884369) has been dropped because it is unboun
ded (in x). (see also unbounded coords=jump). 
NOTE: coordinate (0.1,0.9643640462533535) has been dropped because it is unboun
ded (in x). (see also unbounded coords=jump). 
NOTE: coordinate (0.2,0.959077866522088) has been dropped because it is unbound
ed (in x). (see also unbounded coords=jump). 
NOTE: coordinate (0.3,0.9563733380148205) has been dropped because it is unboun
ded (in x). (see also unbounded coords=jump). 
PGFPlots: reading {../results/synth_exp_unbalance_2b.csv}
NOTE: coordinate (-0.3,1.9426577910257197) has been dropped because it is unbou
nded (in x). (see also unbounded coords=jump). 
NOTE: coordinate (-0.2,1.3075508997564744) has been dropped because it is unbou
nded (in x). (see also unbounded coords=jump). 
NOTE: coordinate (-0.1,0.9483838164450688) has been dropped because it is unbou
nded (in x). (see also unbounded coords=jump). 
NOTE: coordinate (0.0,0.675898275992387) has been dropped because it is unbound
ed (in x). (see also unbounded coords=jump). 
NOTE: coordinate (0.1,0.9206079780279607) has been dropped because it is unboun
ded (in x). (see also unbounded coords=jump). 
NOTE: coordinate (0.2,1.2957153189305586) has been dropped because it is unboun
ded (in x). (see also unbounded coords=jump). 
NOTE: coordinate (0.3,1.6863081648327225) has been dropped because it is unboun
ded (in x). (see also unbounded coords=jump). 
NOTE: coordinate (-0.3,0.6431497961242199) has been dropped because it is unbou
nded (in x). (see also unbounded coords=jump). 
NOTE: coordinate (-0.2,0.819985889541504) has been dropped because it is unboun
ded (in x). (see also unbounded coords=jump). 
NOTE: coordinate (-0.1,0.7852455524261782) has been dropped because it is unbou
nded (in x). (see also unbounded coords=jump). 
NOTE: coordinate (0.0,1.2371482305078283) has been dropped because it is unboun
ded (in x). (see also unbounded coords=jump). 
NOTE: coordinate (0.1,0.8066297104597291) has been dropped because it is unboun
ded (in x). (see also unbounded coords=jump). 
NOTE: coordinate (0.2,1.2440180214699403) has been dropped because it is unboun
ded (in x). (see also unbounded coords=jump). 
NOTE: coordinate (0.3,0.743596338538896) has been dropped because it is unbound
ed (in x). (see also unbounded coords=jump). 
NOTE: coordinate (-0.3,0.8374726434952212) has been dropped because it is unbou
nded (in x). (see also unbounded coords=jump). 
NOTE: coordinate (-0.2,1.1029042986223578) has been dropped because it is unbou
nded (in x). (see also unbounded coords=jump). 
NOTE: coordinate (-0.1,1.0242137049490743) has been dropped because it is unbou
nded (in x). (see also unbounded coords=jump). 
NOTE: coordinate (0.0,0.9891807324884369) has been dropped because it is unboun
ded (in x). (see also unbounded coords=jump). 
NOTE: coordinate (0.1,0.9643640462533535) has been dropped because it is unboun
ded (in x). (see also unbounded coords=jump). 
NOTE: coordinate (0.2,0.959077866522088) has been dropped because it is unbound
ed (in x). (see also unbounded coords=jump). 
NOTE: coordinate (0.3,0.9563733380148205) has been dropped because it is unboun
ded (in x). (see also unbounded coords=jump). 
PGFPlots: reading {../results/synth_exp_unbalance_2b.csv}
NOTE: coordinate (-0.3,1.9426577910257197) has been dropped because it is unbou
nded (in x). (see also unbounded coords=jump). 
NOTE: coordinate (-0.2,1.3075508997564744) has been dropped because it is unbou
nded (in x). (see also unbounded coords=jump). 
NOTE: coordinate (-0.1,0.9483838164450688) has been dropped because it is unbou
nded (in x). (see also unbounded coords=jump). 
NOTE: coordinate (0.0,0.675898275992387) has been dropped because it is unbound
ed (in x). (see also unbounded coords=jump). 
NOTE: coordinate (0.1,0.9206079780279607) has been dropped because it is unboun
ded (in x). (see also unbounded coords=jump). 
NOTE: coordinate (0.2,1.2957153189305586) has been dropped because it is unboun
ded (in x). (see also unbounded coords=jump). 
NOTE: coordinate (0.3,1.6863081648327225) has been dropped because it is unboun
ded (in x). (see also unbounded coords=jump). 
NOTE: coordinate (-0.3,0.6431497961242199) has been dropped because it is unbou
nded (in x). (see also unbounded coords=jump). 
NOTE: coordinate (-0.2,0.819985889541504) has been dropped because it is unboun
ded (in x). (see also unbounded coords=jump). 
NOTE: coordinate (-0.1,0.7852455524261782) has been dropped because it is unbou
nded (in x). (see also unbounded coords=jump). 
NOTE: coordinate (0.0,1.2371482305078283) has been dropped because it is unboun
ded (in x). (see also unbounded coords=jump). 
NOTE: coordinate (0.1,0.8066297104597291) has been dropped because it is unboun
ded (in x). (see also unbounded coords=jump). 
NOTE: coordinate (0.2,1.2440180214699403) has been dropped because it is unboun
ded (in x). (see also unbounded coords=jump). 
NOTE: coordinate (0.3,0.743596338538896) has been dropped because it is unbound
ed (in x). (see also unbounded coords=jump). 
NOTE: coordinate (-0.3,1.2054431886977037) has been dropped because it is unbou
nded (in x). (see also unbounded coords=jump). 
NOTE: coordinate (-0.2,0.9169037177943625) has been dropped because it is unbou
nded (in x). (see also unbounded coords=jump). 
NOTE: coordinate (-0.1,1.1770909600309747) has been dropped because it is unbou
nded (in x). (see also unbounded coords=jump). 
NOTE: coordinate (0.0,0.8635075574727559) has been dropped because it is unboun
ded (in x). (see also unbounded coords=jump). 
NOTE: coordinate (0.1,1.1936449416349448) has been dropped because it is unboun
ded (in x). (see also unbounded coords=jump). 
NOTE: coordinate (0.2,0.9187733481707554) has been dropped because it is unboun
ded (in x). (see also unbounded coords=jump). 
NOTE: coordinate (0.3,1.2749090596782673) has been dropped because it is unboun
ded (in x). (see also unbounded coords=jump). 
Missing character: There is no ; in font nullfont!

Overfull \hbox (1.22746pt too wide) in paragraph at lines 509--510
 [][] 
 []


LaTeX Warning: `!h' float specifier changed to `!ht'.

PGFPlots: reading {../results/synth_exp_unbalance_3.csv}
NOTE: coordinate (0.004823421052631573,1.1521792686010426) has been dropped bec
ause it is unbounded (in x). (see also unbounded coords=jump). 
NOTE: coordinate (0.00966,0.9499007946029304) has been dropped because it is un
bounded (in x). (see also unbounded coords=jump). 
NOTE: coordinate (0.01451205882352941,0.9976158557976208) has been dropped beca
use it is unbounded (in x). (see also unbounded coords=jump). 
NOTE: coordinate (0.019382500000000014,0.9916267174677121) has been dropped bec
ause it is unbounded (in x). (see also unbounded coords=jump). 
NOTE: coordinate (0.024274999999999994,1.0147109674744323) has been dropped bec
ause it is unbounded (in x). (see also unbounded coords=jump). 
NOTE: coordinate (0.02919428571428571,1.0109199227024592) has been dropped beca
use it is unbounded (in x). (see also unbounded coords=jump). 
NOTE: coordinate (0.03414653846153844,0.9919092996580499) has been dropped beca
use it is unbounded (in x). (see also unbounded coords=jump). 
NOTE: coordinate (0.03914,0.9782077609330538) has been dropped because it is un
bounded (in x). (see also unbounded coords=jump). 
NOTE: coordinate (0.0441859090909091,0.9717854881191762) has been dropped becau
se it is unbounded (in x). (see also unbounded coords=jump). 
NOTE: coordinate (0.0493,0.9793666190927286) has been dropped because it is unb
ounded (in x). (see also unbounded coords=jump). 
NOTE: coordinate (0.004823421052631573,1.8102872172061848) has been dropped bec
ause it is unbounded (in x). (see also unbounded coords=jump). 
NOTE: coordinate (0.00966,1.3721931541115233) has been dropped because it is un
bounded (in x). (see also unbounded coords=jump). 
NOTE: coordinate (0.01451205882352941,1.1283226568217373) has been dropped beca
use it is unbounded (in x). (see also unbounded coords=jump). 
NOTE: coordinate (0.019382500000000014,1.0934987014164885) has been dropped bec
ause it is unbounded (in x). (see also unbounded coords=jump). 
NOTE: coordinate (0.024274999999999994,1.1207957477911727) has been dropped bec
ause it is unbounded (in x). (see also unbounded coords=jump). 
NOTE: coordinate (0.02919428571428571,1.0645830382691497) has been dropped beca
use it is unbounded (in x). (see also unbounded coords=jump). 
NOTE: coordinate (0.03414653846153844,1.0609829892529459) has been dropped beca
use it is unbounded (in x). (see also unbounded coords=jump). 
NOTE: coordinate (0.03914,1.0445172255679733) has been dropped because it is un
bounded (in x). (see also unbounded coords=jump). 
NOTE: coordinate (0.0441859090909091,1.0183604968102848) has been dropped becau
se it is unbounded (in x). (see also unbounded coords=jump). 
NOTE: coordinate (0.0493,1.007115477661604) has been dropped because it is unbo
unded (in x). (see also unbounded coords=jump). 
NOTE: coordinate (0.004823421052631573,3.0864007238281674) has been dropped bec
ause it is unbounded (in x). (see also unbounded coords=jump). 
NOTE: coordinate (0.00966,2.0595143158904214) has been dropped because it is un
bounded (in x). (see also unbounded coords=jump). 
NOTE: coordinate (0.01451205882352941,1.6414384114145335) has been dropped beca
use it is unbounded (in x). (see also unbounded coords=jump). 
NOTE: coordinate (0.019382500000000014,1.4981643143476027) has been dropped bec
ause it is unbounded (in x). (see also unbounded coords=jump). 
NOTE: coordinate (0.024274999999999994,1.3990548426085434) has been dropped bec
ause it is unbounded (in x). (see also unbounded coords=jump). 
NOTE: coordinate (0.02919428571428571,1.333131912354772) has been dropped becau
se it is unbounded (in x). (see also unbounded coords=jump). 
NOTE: coordinate (0.03414653846153844,1.2808778845325004) has been dropped beca
use it is unbounded (in x). (see also unbounded coords=jump). 
NOTE: coordinate (0.03914,1.2294162238228639) has been dropped because it is un
bounded (in x). (see also unbounded coords=jump). 
NOTE: coordinate (0.0441859090909091,1.201950316562401) has been dropped becaus
e it is unbounded (in x). (see also unbounded coords=jump). 
NOTE: coordinate (0.0493,1.1601312195552882) has been dropped because it is unb
ounded (in x). (see also unbounded coords=jump). 
PGFPlots: reading {../results/synth_exp_unbalance_3.csv}
NOTE: coordinate (0.004862368421052642,1.1568612295057668) has been dropped bec
ause it is unbounded (in x). (see also unbounded coords=jump). 
NOTE: coordinate (0.009729999999999999,1.1286105293125117) has been dropped bec
ause it is unbounded (in x). (see also unbounded coords=jump). 
NOTE: coordinate (0.014603823529411761,0.9966071870157398) has been dropped bec
ause it is unbounded (in x). (see also unbounded coords=jump). 
NOTE: coordinate (0.019485000000000013,0.9911618850261064) has been dropped bec
ause it is unbounded (in x). (see also unbounded coords=jump). 
NOTE: coordinate (0.024375,1.01523855856718) has been dropped because it is unb
ounded (in x). (see also unbounded coords=jump). 
NOTE: coordinate (0.029275714285714287,0.9898815431049234) has been dropped bec
ause it is unbounded (in x). (see also unbounded coords=jump). 
NOTE: coordinate (0.03418961538461539,0.9972494037150006) has been dropped beca
use it is unbounded (in x). (see also unbounded coords=jump). 
NOTE: coordinate (0.03912,0.9952130691776863) has been dropped because it is un
bounded (in x). (see also unbounded coords=jump). 
NOTE: coordinate (0.044071363636363645,0.9892013637731677) has been dropped bec
ause it is unbounded (in x). (see also unbounded coords=jump). 
NOTE: coordinate (0.04905,0.9816485219910598) has been dropped because it is un
bounded (in x). (see also unbounded coords=jump). 
NOTE: coordinate (0.004823421052631573,1.8102872172061848) has been dropped bec
ause it is unbounded (in x). (see also unbounded coords=jump). 
NOTE: coordinate (0.00966,1.3721931541115233) has been dropped because it is un
bounded (in x). (see also unbounded coords=jump). 
NOTE: coordinate (0.01451205882352941,1.1283226568217373) has been dropped beca
use it is unbounded (in x). (see also unbounded coords=jump). 
NOTE: coordinate (0.019382500000000014,1.0934987014164885) has been dropped bec
ause it is unbounded (in x). (see also unbounded coords=jump). 
NOTE: coordinate (0.024274999999999994,1.1207957477911727) has been dropped bec
ause it is unbounded (in x). (see also unbounded coords=jump). 
NOTE: coordinate (0.02919428571428571,1.0645830382691497) has been dropped beca
use it is unbounded (in x). (see also unbounded coords=jump). 
NOTE: coordinate (0.03414653846153844,1.0609829892529459) has been dropped beca
use it is unbounded (in x). (see also unbounded coords=jump). 
NOTE: coordinate (0.03914,1.0445172255679733) has been dropped because it is un
bounded (in x). (see also unbounded coords=jump). 
NOTE: coordinate (0.0441859090909091,1.0183604968102848) has been dropped becau
se it is unbounded (in x). (see also unbounded coords=jump). 
NOTE: coordinate (0.0493,1.007115477661604) has been dropped because it is unbo
unded (in x). (see also unbounded coords=jump). 
NOTE: coordinate (0.004823421052631573,3.0864007238281674) has been dropped bec
ause it is unbounded (in x). (see also unbounded coords=jump). 
NOTE: coordinate (0.00966,2.0595143158904214) has been dropped because it is un
bounded (in x). (see also unbounded coords=jump). 
NOTE: coordinate (0.01451205882352941,1.6414384114145335) has been dropped beca
use it is unbounded (in x). (see also unbounded coords=jump). 
NOTE: coordinate (0.019382500000000014,1.4981643143476027) has been dropped bec
ause it is unbounded (in x). (see also unbounded coords=jump). 
NOTE: coordinate (0.024274999999999994,1.3990548426085434) has been dropped bec
ause it is unbounded (in x). (see also unbounded coords=jump). 
NOTE: coordinate (0.02919428571428571,1.333131912354772) has been dropped becau
se it is unbounded (in x). (see also unbounded coords=jump). 
NOTE: coordinate (0.03414653846153844,1.2808778845325004) has been dropped beca
use it is unbounded (in x). (see also unbounded coords=jump). 
NOTE: coordinate (0.03914,1.2294162238228639) has been dropped because it is un
bounded (in x). (see also unbounded coords=jump). 
NOTE: coordinate (0.0441859090909091,1.201950316562401) has been dropped becaus
e it is unbounded (in x). (see also unbounded coords=jump). 
NOTE: coordinate (0.0493,1.1601312195552882) has been dropped because it is unb
ounded (in x). (see also unbounded coords=jump). 
PGFPlots: reading {../results/synth_exp_unbalance_3.csv}
NOTE: coordinate (0.004862368421052642,1.1568612295057668) has been dropped bec
ause it is unbounded (in x). (see also unbounded coords=jump). 
NOTE: coordinate (0.009729999999999999,1.1286105293125117) has been dropped bec
ause it is unbounded (in x). (see also unbounded coords=jump). 
NOTE: coordinate (0.014603823529411761,0.9966071870157398) has been dropped bec
ause it is unbounded (in x). (see also unbounded coords=jump). 
NOTE: coordinate (0.019485000000000013,0.9911618850261064) has been dropped bec
ause it is unbounded (in x). (see also unbounded coords=jump). 
NOTE: coordinate (0.024375,1.01523855856718) has been dropped because it is unb
ounded (in x). (see also unbounded coords=jump). 
NOTE: coordinate (0.029275714285714287,0.9898815431049234) has been dropped bec
ause it is unbounded (in x). (see also unbounded coords=jump). 
NOTE: coordinate (0.03418961538461539,0.9972494037150006) has been dropped beca
use it is unbounded (in x). (see also unbounded coords=jump). 
NOTE: coordinate (0.03912,0.9952130691776863) has been dropped because it is un
bounded (in x). (see also unbounded coords=jump). 
NOTE: coordinate (0.044071363636363645,0.9892013637731677) has been dropped bec
ause it is unbounded (in x). (see also unbounded coords=jump). 
NOTE: coordinate (0.04905,0.9816485219910598) has been dropped because it is un
bounded (in x). (see also unbounded coords=jump). 
NOTE: coordinate (0.004823421052631573,1.1521792686010426) has been dropped bec
ause it is unbounded (in x). (see also unbounded coords=jump). 
NOTE: coordinate (0.00966,0.9499007946029304) has been dropped because it is un
bounded (in x). (see also unbounded coords=jump). 
NOTE: coordinate (0.01451205882352941,0.9976158557976208) has been dropped beca
use it is unbounded (in x). (see also unbounded coords=jump). 
NOTE: coordinate (0.019382500000000014,0.9916267174677121) has been dropped bec
ause it is unbounded (in x). (see also unbounded coords=jump). 
NOTE: coordinate (0.024274999999999994,1.0147109674744323) has been dropped bec
ause it is unbounded (in x). (see also unbounded coords=jump). 
NOTE: coordinate (0.02919428571428571,1.0109199227024592) has been dropped beca
use it is unbounded (in x). (see also unbounded coords=jump). 
NOTE: coordinate (0.03414653846153844,0.9919092996580499) has been dropped beca
use it is unbounded (in x). (see also unbounded coords=jump). 
NOTE: coordinate (0.03914,0.9782077609330538) has been dropped because it is un
bounded (in x). (see also unbounded coords=jump). 
NOTE: coordinate (0.0441859090909091,0.9717854881191762) has been dropped becau
se it is unbounded (in x). (see also unbounded coords=jump). 
NOTE: coordinate (0.0493,0.9793666190927286) has been dropped because it is unb
ounded (in x). (see also unbounded coords=jump). 
NOTE: coordinate (0.004823421052631573,3.0864007238281674) has been dropped bec
ause it is unbounded (in x). (see also unbounded coords=jump). 
NOTE: coordinate (0.00966,2.0595143158904214) has been dropped because it is un
bounded (in x). (see also unbounded coords=jump). 
NOTE: coordinate (0.01451205882352941,1.6414384114145335) has been dropped beca
use it is unbounded (in x). (see also unbounded coords=jump). 
NOTE: coordinate (0.019382500000000014,1.4981643143476027) has been dropped bec
ause it is unbounded (in x). (see also unbounded coords=jump). 
NOTE: coordinate (0.024274999999999994,1.3990548426085434) has been dropped bec
ause it is unbounded (in x). (see also unbounded coords=jump). 
NOTE: coordinate (0.02919428571428571,1.333131912354772) has been dropped becau
se it is unbounded (in x). (see also unbounded coords=jump). 
NOTE: coordinate (0.03414653846153844,1.2808778845325004) has been dropped beca
use it is unbounded (in x). (see also unbounded coords=jump). 
NOTE: coordinate (0.03914,1.2294162238228639) has been dropped because it is un
bounded (in x). (see also unbounded coords=jump). 
NOTE: coordinate (0.0441859090909091,1.201950316562401) has been dropped becaus
e it is unbounded (in x). (see also unbounded coords=jump). 
NOTE: coordinate (0.0493,1.1601312195552882) has been dropped because it is unb
ounded (in x). (see also unbounded coords=jump). 
PGFPlots: reading {../results/synth_exp_unbalance_3.csv}
NOTE: coordinate (0.004862368421052642,1.1568612295057668) has been dropped bec
ause it is unbounded (in x). (see also unbounded coords=jump). 
NOTE: coordinate (0.009729999999999999,1.1286105293125117) has been dropped bec
ause it is unbounded (in x). (see also unbounded coords=jump). 
NOTE: coordinate (0.014603823529411761,0.9966071870157398) has been dropped bec
ause it is unbounded (in x). (see also unbounded coords=jump). 
NOTE: coordinate (0.019485000000000013,0.9911618850261064) has been dropped bec
ause it is unbounded (in x). (see also unbounded coords=jump). 
NOTE: coordinate (0.024375,1.01523855856718) has been dropped because it is unb
ounded (in x). (see also unbounded coords=jump). 
NOTE: coordinate (0.029275714285714287,0.9898815431049234) has been dropped bec
ause it is unbounded (in x). (see also unbounded coords=jump). 
NOTE: coordinate (0.03418961538461539,0.9972494037150006) has been dropped beca
use it is unbounded (in x). (see also unbounded coords=jump). 
NOTE: coordinate (0.03912,0.9952130691776863) has been dropped because it is un
bounded (in x). (see also unbounded coords=jump). 
NOTE: coordinate (0.044071363636363645,0.9892013637731677) has been dropped bec
ause it is unbounded (in x). (see also unbounded coords=jump). 
NOTE: coordinate (0.04905,0.9816485219910598) has been dropped because it is un
bounded (in x). (see also unbounded coords=jump). 
NOTE: coordinate (0.004823421052631573,1.1521792686010426) has been dropped bec
ause it is unbounded (in x). (see also unbounded coords=jump). 
NOTE: coordinate (0.00966,0.9499007946029304) has been dropped because it is un
bounded (in x). (see also unbounded coords=jump). 
NOTE: coordinate (0.01451205882352941,0.9976158557976208) has been dropped beca
use it is unbounded (in x). (see also unbounded coords=jump). 
NOTE: coordinate (0.019382500000000014,0.9916267174677121) has been dropped bec
ause it is unbounded (in x). (see also unbounded coords=jump). 
NOTE: coordinate (0.024274999999999994,1.0147109674744323) has been dropped bec
ause it is unbounded (in x). (see also unbounded coords=jump). 
NOTE: coordinate (0.02919428571428571,1.0109199227024592) has been dropped beca
use it is unbounded (in x). (see also unbounded coords=jump). 
NOTE: coordinate (0.03414653846153844,0.9919092996580499) has been dropped beca
use it is unbounded (in x). (see also unbounded coords=jump). 
NOTE: coordinate (0.03914,0.9782077609330538) has been dropped because it is un
bounded (in x). (see also unbounded coords=jump). 
NOTE: coordinate (0.0441859090909091,0.9717854881191762) has been dropped becau
se it is unbounded (in x). (see also unbounded coords=jump). 
NOTE: coordinate (0.0493,0.9793666190927286) has been dropped because it is unb
ounded (in x). (see also unbounded coords=jump). 
NOTE: coordinate (0.004823421052631573,1.8102872172061848) has been dropped bec
ause it is unbounded (in x). (see also unbounded coords=jump). 
NOTE: coordinate (0.00966,1.3721931541115233) has been dropped because it is un
bounded (in x). (see also unbounded coords=jump). 
NOTE: coordinate (0.01451205882352941,1.1283226568217373) has been dropped beca
use it is unbounded (in x). (see also unbounded coords=jump). 
NOTE: coordinate (0.019382500000000014,1.0934987014164885) has been dropped bec
ause it is unbounded (in x). (see also unbounded coords=jump). 
NOTE: coordinate (0.024274999999999994,1.1207957477911727) has been dropped bec
ause it is unbounded (in x). (see also unbounded coords=jump). 
NOTE: coordinate (0.02919428571428571,1.0645830382691497) has been dropped beca
use it is unbounded (in x). (see also unbounded coords=jump). 
NOTE: coordinate (0.03414653846153844,1.0609829892529459) has been dropped beca
use it is unbounded (in x). (see also unbounded coords=jump). 
NOTE: coordinate (0.03914,1.0445172255679733) has been dropped because it is un
bounded (in x). (see also unbounded coords=jump). 
NOTE: coordinate (0.0441859090909091,1.0183604968102848) has been dropped becau
se it is unbounded (in x). (see also unbounded coords=jump). 
NOTE: coordinate (0.0493,1.007115477661604) has been dropped because it is unbo
unded (in x). (see also unbounded coords=jump). 
Missing character: There is no ; in font nullfont!

LaTeX Warning: `!h' float specifier changed to `!ht'.

[9]
Overfull \vbox (25.82663pt too high) has occurred while \output is active []


[10] [11] [12] (darft_01072019.bbl
LaTeX Font Info:    Try loading font information for OMS+cmr on input line 12.

("C:\Program Files\MiKTeX 2.9\tex/latex/base\omscmr.fd"
File: omscmr.fd 2014/09/29 v2.5h Standard LaTeX font definitions
)
LaTeX Font Info:    Font shape `OMS/cmr/m/it' in size <10> not available
(Font)              Font shape `OMS/cmsy/m/n' tried instead on input line 12.
LaTeX Font Info:    Font shape `OMS/cmr/m/n' in size <10> not available
(Font)              Font shape `OMS/cmsy/m/n' tried instead on input line 12.
) [13]
(darft_01072019.aux)

LaTeX Warning: There were multiply-defined labels.

 ) 
Here is how much of TeX's memory you used:
 26105 strings out of 492946
 653119 string characters out of 3135503
 883293 words of memory out of 3000000
 29511 multiletter control sequences out of 15000+200000
 14969 words of font info for 60 fonts, out of 3000000 for 9000
 1141 hyphenation exceptions out of 8191
 69i,23n,119p,1439b,2486s stack positions out of 5000i,500n,10000p,200000b,50000s
 <C:\Users\Administrator\AppData\Local\MiKTeX\2.9\fonts/pk/ljfour/public/bbm/
dpi600\bbm10.pk><C:/Program Files/MiKTeX 2.9/fonts/type1/public/amsfonts/cm/cmb
x10.pfb><C:/Program Files/MiKTeX 2.9/fonts/type1/public/amsfonts/cm/cmbx12.pfb>
<C:/Program Files/MiKTeX 2.9/fonts/type1/public/amsfonts/cm/cmex10.pfb><C:/Prog
ram Files/MiKTeX 2.9/fonts/type1/public/amsfonts/cm/cmmi10.pfb><C:/Program File
s/MiKTeX 2.9/fonts/type1/public/amsfonts/cm/cmmi5.pfb><C:/Program Files/MiKTeX 
2.9/fonts/type1/public/amsfonts/cm/cmmi6.pfb><C:/Program Files/MiKTeX 2.9/fonts
/type1/public/amsfonts/cm/cmmi7.pfb><C:/Program Files/MiKTeX 2.9/fonts/type1/pu
blic/amsfonts/cm/cmmi9.pfb><C:/Program Files/MiKTeX 2.9/fonts/type1/public/amsf
onts/cm/cmr10.pfb><C:/Program Files/MiKTeX 2.9/fonts/type1/public/amsfonts/cm/c
mr12.pfb><C:/Program Files/MiKTeX 2.9/fonts/type1/public/amsfonts/cm/cmr17.pfb>
<C:/Program Files/MiKTeX 2.9/fonts/type1/public/amsfonts/cm/cmr5.pfb><C:/Progra
m Files/MiKTeX 2.9/fonts/type1/public/amsfonts/cm/cmr7.pfb><C:/Program Files/Mi
KTeX 2.9/fonts/type1/public/amsfonts/cm/cmr8.pfb><C:/Program Files/MiKTeX 2.9/f
onts/type1/public/amsfonts/cm/cmr9.pfb><C:/Program Files/MiKTeX 2.9/fonts/type1
/public/amsfonts/cm/cmsy10.pfb><C:/Program Files/MiKTeX 2.9/fonts/type1/public/
amsfonts/cm/cmsy5.pfb><C:/Program Files/MiKTeX 2.9/fonts/type1/public/amsfonts/
cm/cmsy7.pfb><C:/Program Files/MiKTeX 2.9/fonts/type1/public/amsfonts/cm/cmti10
.pfb><C:/Program Files/MiKTeX 2.9/fonts/type1/public/amsfonts/euler/eufm10.pfb>
<C:/Program Files/MiKTeX 2.9/fonts/type1/public/amsfonts/euler/eufm7.pfb><C:/Pr
ogram Files/MiKTeX 2.9/fonts/type1/public/amsfonts/symbols/msbm10.pfb><C:/Progr
am Files/MiKTeX 2.9/fonts/type1/public/amsfonts/symbols/msbm7.pfb>
Output written on darft_01072019.pdf (13 pages, 325397 bytes).
PDF statistics:
 146 PDF objects out of 1000 (max. 8388607)
 0 named destinations out of 1000 (max. 500000)
 13 words of extra memory for PDF output out of 10000 (max. 10000000)

